
Copyright (C) 1994-2023 Synopsys, Inc.
This Synopsys software and all associated documentation are proprietary to Synopsys, Inc.
and may only be used pursuant to the terms and conditions of a written license agreement
with Synopsys, Inc. All other use, reproduction, modification, or distribution of the
Synopsys software or the associated documentation is strictly prohibited.
Tool: Synplify Pro (R)
Build: U-2023.03L-SP1
Install: /usr/local/diamond/3.13/synpbase
OS: Ubuntu 20.04.6 LTS
Hostname: shouyu-LOQ-15APH8
max virtual memory: unlimited (bytes)
max user processes: 92689
max stack size: unlimited (bytes)


Implementation : project
Synopsys HDL compiler and linker, Version comp202303synp1, Build 173R, Built Aug 31 2023 03:52:31, @4910518

Modified Files: 18
FID:  path (prevtimestamp, timestamp)
0        /home/shouyu/4.2/designProblem/ulx3s-misc/examples/oled/hdl/ssd1331_hex_vhdl/oled_font_pack.vhd (N/A, 2024-02-08 23:07:45)
1        /home/shouyu/4.2/designProblem/ulx3s-misc/examples/oled/hdl/ssd1331_hex_vhdl/oled_hex_decoder.vhd (N/A, 2024-02-08 23:07:45)
2        /home/shouyu/4.2/designProblem/ulx3s-misc/examples/oled/hdl/ssd1331_hex_vhdl/oled_init_pack.vhd (N/A, 2024-02-08 23:07:45)
3        /home/shouyu/4.2/designProblem/ulx3s-misc/examples/oled/proj/ulx3s_hex_vhdl/clock/clk_25M_100M_7M5_12M_60M.vhd (N/A, 2024-02-08 23:07:45)
4        /home/shouyu/4.2/designProblem/ulx3s-misc/examples/sdram/sdram_fpga/hdl/sdram_0bject.vhd (N/A, 2024-02-08 23:07:45)
5        /home/shouyu/4.2/designProblem/ulx3s-misc/examples/sdram/sdram_fpga/hdl/top/sdram_fpga_hex_oled.vhd (N/A, 2024-02-08 23:07:45)
6        /usr/local/diamond/3.13/cae_library/synthesis/vhdl/ecp5u.vhd (N/A, 2021-02-25 02:38:18)
7        /usr/local/diamond/3.13/synpbase/lib/lucent/ecp5u.vhd (N/A, 2023-08-10 13:00:08)
8        /usr/local/diamond/3.13/synpbase/lib/vhd/arith.vhd (N/A, 2023-08-10 12:51:58)
9        /usr/local/diamond/3.13/synpbase/lib/vhd/hyperents.vhd (N/A, 2023-08-10 12:51:58)
10       /usr/local/diamond/3.13/synpbase/lib/vhd/location.map (N/A, 2023-08-30 19:03:32)
11       /usr/local/diamond/3.13/synpbase/lib/vhd/math_real.vhd (N/A, 2023-08-10 12:59:57)
12       /usr/local/diamond/3.13/synpbase/lib/vhd/numeric.vhd (N/A, 2023-08-10 12:51:58)
13       /usr/local/diamond/3.13/synpbase/lib/vhd/snps_haps_pkg.vhd (N/A, 2023-08-10 12:51:58)
14       /usr/local/diamond/3.13/synpbase/lib/vhd/std.vhd (N/A, 2023-08-10 12:51:58)
15       /usr/local/diamond/3.13/synpbase/lib/vhd/std1164.vhd (N/A, 2023-08-10 12:51:58)
16       /usr/local/diamond/3.13/synpbase/lib/vhd/umr_capim.vhd (N/A, 2023-08-10 12:51:58)
17       /usr/local/diamond/3.13/synpbase/lib/vhd/unsigned.vhd (N/A, 2023-08-10 12:51:58)

*******************************************************************
Modules that may have changed as a result of file changes: 4
MID:  lib.cell.view
0        work.clk_25m_100m_7m5_12m_60m.structure may have changed because the following files changed:
                        /home/shouyu/4.2/designProblem/ulx3s-misc/examples/oled/proj/ulx3s_hex_vhdl/clock/clk_25M_100M_7M5_12M_60M.vhd (N/A, 2024-02-08 23:07:45) <-- (architecture and entity definition)
                        /home/shouyu/4.2/designProblem/ulx3s-misc/examples/sdram/sdram_fpga/hdl/top/sdram_fpga_hex_oled.vhd (N/A, 2024-02-08 23:07:45) <-- (may instantiate this module)
2        work.oled_hex_decoder.rtl may have changed because the following files changed:
                        /home/shouyu/4.2/designProblem/ulx3s-misc/examples/oled/hdl/ssd1331_hex_vhdl/oled_hex_decoder.vhd (N/A, 2024-02-08 23:07:45) <-- (architecture and entity definition)
                        /home/shouyu/4.2/designProblem/ulx3s-misc/examples/sdram/sdram_fpga/hdl/top/sdram_fpga_hex_oled.vhd (N/A, 2024-02-08 23:07:45) <-- (may instantiate this module)
4        work.sdram_0bject.arch may have changed because the following files changed:
                        /home/shouyu/4.2/designProblem/ulx3s-misc/examples/sdram/sdram_fpga/hdl/sdram_0bject.vhd (N/A, 2024-02-08 23:07:45) <-- (architecture and entity definition)
                        /home/shouyu/4.2/designProblem/ulx3s-misc/examples/sdram/sdram_fpga/hdl/top/sdram_fpga_hex_oled.vhd (N/A, 2024-02-08 23:07:45) <-- (may instantiate this module)
6        work.sdram_fpga_hex_oled.behavioral may have changed because the following files changed:
                        /home/shouyu/4.2/designProblem/ulx3s-misc/examples/sdram/sdram_fpga/hdl/top/sdram_fpga_hex_oled.vhd (N/A, 2024-02-08 23:07:45) <-- (architecture and entity definition)

*******************************************************************
Unmodified files: 0
FID:  path (timestamp)

*******************************************************************
Unchanged modules: 0
MID:  lib.cell.view
