Running in Lattice mode

                               Synplify Pro (R) 

               Version U-2023.03L-SP1 for linux64 - Aug 10, 2023 

                    Copyright (c) 1988 - 2023 Synopsys, Inc.
   This software and the associated documentation are proprietary to Synopsys,
 Inc. This software may only be used in accordance with the terms and conditions
 of a written license agreement with Synopsys, Inc. All other use, reproduction,
   or distribution of this software is strictly prohibited.  Licensed Products
     communicate with Synopsys servers for the purpose of providing software
    updates, detecting software piracy and verifying that customers are using
    Licensed Products in conformity with the applicable License Key for such
  Licensed Products. Synopsys will use information gathered in connection with
    this process to deliver software updates and pursue software pirates and
                                   infringers.

 Inclusivity & Diversity - Visit SolvNetPlus to read the "Synopsys Statement on
            Inclusivity and Diversity" (Refer to article 000036315 at
                        https://solvnetplus.synopsys.com)

Starting:    /usr/local/diamond/3.13/synpbase/linux_a_64/mbin/synbatch
Install:     /usr/local/diamond/3.13/synpbase
Hostname:    shouyu-LOQ-15APH8
Date:        Tue Feb 13 12:26:21 2024
Version:     U-2023.03L-SP1

Arguments:   -product synplify_base -batch project_project_synplify.tcl
ProductType: synplify_pro




log file: "/home/shouyu/4.2/designProblem/ulx3s-misc/examples/sdram/sdram_16bit/proj/ulx3s_sdram_hex_v/project/project_project.srr"
Running: project in foreground

Running proj_1|project

Running Flow: compile (Compile) on proj_1|project
# Tue Feb 13 12:26:21 2024

Running Flow: compile_flow (Compile Process) on proj_1|project
# Tue Feb 13 12:26:21 2024

Running: compiler (Compile Input) on proj_1|project
# Tue Feb 13 12:26:21 2024
Process ID: 24227
compiler exited with errors
Job failed on: proj_1|project

Job: "compiler" terminated with error status: 2
See log file: "/home/shouyu/4.2/designProblem/ulx3s-misc/examples/sdram/sdram_16bit/proj/ulx3s_sdram_hex_v/project/synlog/project_project_compiler.srr"
# Tue Feb 13 12:26:21 2024

Return Code: 2
Run Time:00h:00m:00s
Complete: Compile Process on proj_1|project
Complete: Compile on proj_1|project
Complete: Logic Synthesis on proj_1|project
Copied /home/shouyu/4.2/designProblem/ulx3s-misc/examples/sdram/sdram_16bit/proj/ulx3s_sdram_hex_v/project/project_project.srr to /home/shouyu/4.2/designProblem/ulx3s-misc/examples/sdram/sdram_16bit/proj/ulx3s_sdram_hex_v/project/project_project.srf
Error: At line 68 while processing "project_project_synplify.tcl"
2
TCL script complete: "project_project_synplify.tcl"
TCL script had errors: "project_project_synplify.tcl"
exit status=9
exit status=9
Save changes for project:
/home/shouyu/4.2/designProblem/ulx3s-misc/examples/sdram/sdram_16bit/proj/ulx3s_sdram_hex_v/project/proj_1.prj
batch mode default:no
