Running in Lattice mode

                               Synplify Pro (R) 

               Version U-2023.03L-SP1 for linux64 - Aug 10, 2023 

                    Copyright (c) 1988 - 2023 Synopsys, Inc.
   This software and the associated documentation are proprietary to Synopsys,
 Inc. This software may only be used in accordance with the terms and conditions
 of a written license agreement with Synopsys, Inc. All other use, reproduction,
   or distribution of this software is strictly prohibited.  Licensed Products
     communicate with Synopsys servers for the purpose of providing software
    updates, detecting software piracy and verifying that customers are using
    Licensed Products in conformity with the applicable License Key for such
  Licensed Products. Synopsys will use information gathered in connection with
    this process to deliver software updates and pursue software pirates and
                                   infringers.

 Inclusivity & Diversity - Visit SolvNetPlus to read the "Synopsys Statement on
            Inclusivity and Diversity" (Refer to article 000036315 at
                        https://solvnetplus.synopsys.com)

Starting:    /usr/local/diamond/3.13/synpbase/linux_a_64/mbin/synbatch
Install:     /usr/local/diamond/3.13/synpbase
Hostname:    shouyu-LOQ-15APH8
Date:        Sat Feb 17 17:02:56 2024
Version:     U-2023.03L-SP1

Arguments:   -product synplify_base -batch project_project_synplify.tcl
ProductType: synplify_pro




log file: "/home/shouyu/4.2/designProblem/ulx3s-misc/examples/sdram/sdram_fpga/proj/ulx3s_sdram_hex_v/project/project_project.srr"
Running: hdl_info_gen in foreground

Generating HDL info...
Process ID: 324603

hdl_info_gen completed
# Sat Feb 17 17:02:57 2024

Return Code: 0
Run Time:00h:00m:00s
log file: "/home/shouyu/4.2/designProblem/ulx3s-misc/examples/sdram/sdram_fpga/proj/ulx3s_sdram_hex_v/project/project_project.srr"
Running: project in foreground

Running proj_1|project

Running Flow: compile (Compile) on proj_1|project
# Sat Feb 17 17:02:57 2024

Running Flow: compile_flow (Compile Process) on proj_1|project
# Sat Feb 17 17:02:57 2024

Running: compiler (Compile Input) on proj_1|project
# Sat Feb 17 17:02:57 2024
Process ID: 324619
Copied /home/shouyu/4.2/designProblem/ulx3s-misc/examples/sdram/sdram_fpga/proj/ulx3s_sdram_hex_v/project/synwork/project_project_comp.srs to /home/shouyu/4.2/designProblem/ulx3s-misc/examples/sdram/sdram_fpga/proj/ulx3s_sdram_hex_v/project/project_project.srs

compiler completed
# Sat Feb 17 17:02:58 2024

Return Code: 0
Run Time:00h:00m:00s

Running: multi_srs_gen (Multi-srs Generator) on proj_1|project
# Sat Feb 17 17:02:58 2024
Process ID: 324715

multi_srs_gen completed
# Sat Feb 17 17:02:58 2024

Return Code: 0
Run Time:00h:00m:00s
Copied /home/shouyu/4.2/designProblem/ulx3s-misc/examples/sdram/sdram_fpga/proj/ulx3s_sdram_hex_v/project/synwork/project_project_mult.srs to /home/shouyu/4.2/designProblem/ulx3s-misc/examples/sdram/sdram_fpga/proj/ulx3s_sdram_hex_v/project/project_project.srs
Copied /home/shouyu/4.2/designProblem/ulx3s-misc/examples/sdram/sdram_fpga/proj/ulx3s_sdram_hex_v/project/project_project.srr to /home/shouyu/4.2/designProblem/ulx3s-misc/examples/sdram/sdram_fpga/proj/ulx3s_sdram_hex_v/project/project_project.srf
Complete: Compile Process on proj_1|project

Running: premap (Premap) on proj_1|project
# Sat Feb 17 17:02:58 2024
Process ID: 324731

premap completed with warnings
# Sat Feb 17 17:02:59 2024

Return Code: 1
Run Time:00h:00m:01s
Complete: Compile on proj_1|project

Running Flow: map (Map) on proj_1|project
# Sat Feb 17 17:02:59 2024
License granted for 4 parallel jobs

Running: fpga_mapper (Map & Optimize) on proj_1|project
# Sat Feb 17 17:02:59 2024
Process ID: 324775
Copied /home/shouyu/4.2/designProblem/ulx3s-misc/examples/sdram/sdram_fpga/proj/ulx3s_sdram_hex_v/project/synwork/project_project_m.srm to /home/shouyu/4.2/designProblem/ulx3s-misc/examples/sdram/sdram_fpga/proj/ulx3s_sdram_hex_v/project/project_project.srm

fpga_mapper completed with warnings
# Sat Feb 17 17:03:02 2024

Return Code: 1
Run Time:00h:00m:03s
Complete: Map on proj_1|project
Copied /home/shouyu/4.2/designProblem/ulx3s-misc/examples/sdram/sdram_fpga/proj/ulx3s_sdram_hex_v/project/project_project.srr to /home/shouyu/4.2/designProblem/ulx3s-misc/examples/sdram/sdram_fpga/proj/ulx3s_sdram_hex_v/project/project_project.srf
Complete: Logic Synthesis on proj_1|project
TCL script complete: "project_project_synplify.tcl"
exit status=0
exit status=0
Save changes for project:
/home/shouyu/4.2/designProblem/ulx3s-misc/examples/sdram/sdram_fpga/proj/ulx3s_sdram_hex_v/project/proj_1.prj
batch mode default:no
